<?xml version="1.0" encoding="UTF-8"?>
<!-- Generated by org.testng.reporters.JUnitReportReporter -->
<testsuite hostname="STEALTH" failures="0" tests="1" name="com.crm.vtigerTests.Leads.TL_27_ConvertLeadToOpertunitiesBySelectingOpertunityAndContactTheChekboxsAndFeelAllTheMandatoryFields" time="31.593" errors="0" timestamp="2021-05-06T00:32:17 IST" skipped="0">
  <testcase classname="com.crm.vtigerTests.Leads.TL_27_ConvertLeadToOpertunitiesBySelectingOpertunityAndContactTheChekboxsAndFeelAllTheMandatoryFields" name="convertLead" time="31.593"/>
  <system-out/>
</testsuite> <!-- com.crm.vtigerTests.Leads.TL_27_ConvertLeadToOpertunitiesBySelectingOpertunityAndContactTheChekboxsAndFeelAllTheMandatoryFields -->
