<?xml version="1.0" encoding="UTF-8"?>
<!-- Generated by org.testng.reporters.JUnitReportReporter -->
<testsuite hostname="STEALTH" failures="0" tests="1" name="com.crm.vtigerTests.CreateOrganisationWithIndustry" time="33.872" errors="0" timestamp="2021-04-28T12:22:59 IST" skipped="0">
  <testcase classname="com.crm.vtigerTests.CreateOrganisationWithIndustry" name="createOrganisationwithIndustry" time="33.872"/>
  <system-out/>
</testsuite> <!-- com.crm.vtigerTests.CreateOrganisationWithIndustry -->
