<?xml version="1.0" encoding="UTF-8"?>
<!-- Generated by org.testng.reporters.JUnitReportReporter -->
<testsuite hostname="STEALTH" failures="0" tests="1" name="dynamicwebtale.Capture2" time="18.531" errors="0" timestamp="2021-04-27T12:57:21 IST" skipped="0">
  <testcase classname="dynamicwebtale.Capture2" name="captureOrgName" time="18.531"/>
  <system-out/>
</testsuite> <!-- dynamicwebtale.Capture2 -->
