<?xml version="1.0" encoding="UTF-8"?>
<!-- Generated by org.testng.reporters.JUnitReportReporter -->
<testsuite hostname="STEALTH" failures="0" tests="1" name="practice.datadriventesting.ReadDataFromXmlFileTest" time="0.004" errors="0" timestamp="2021-04-26T10:56:48 IST" skipped="0">
  <testcase classname="practice.datadriventesting.ReadDataFromXmlFileTest" name="Test" time="0.004"/>
  <system-out/>
</testsuite> <!-- practice.datadriventesting.ReadDataFromXmlFileTest -->
