<?xml version="1.0" encoding="UTF-8"?>
<!-- Generated by org.testng.reporters.JUnitReportReporter -->
<testsuite hostname="STEALTH" failures="0" tests="1" name="com.crm.vtigerTests.Leads.TL_26_ConvertLeadToOrganization" time="87.289" errors="0" timestamp="2021-05-08T23:25:05 IST" skipped="0">
  <testcase classname="com.crm.vtigerTests.Leads.TL_26_ConvertLeadToOrganization" name="convertLead" time="87.289"/>
  <system-out/>
</testsuite> <!-- com.crm.vtigerTests.Leads.TL_26_ConvertLeadToOrganization -->
