<?xml version="1.0" encoding="UTF-8"?>
<!-- Generated by org.testng.reporters.JUnitReportReporter -->
<testsuite hostname="STEALTH" failures="0" tests="1" name="dynamicwebtale.Capture3" time="29.965" errors="0" timestamp="2021-04-27T15:28:04 IST" skipped="0">
  <testcase classname="dynamicwebtale.Capture3" name="deleteOrgName" time="29.965"/>
  <system-out/>
</testsuite> <!-- dynamicwebtale.Capture3 -->
