<?xml version="1.0" encoding="UTF-8"?>
<!-- Generated by org.testng.reporters.JUnitReportReporter -->
<testsuite hostname="STEALTH" failures="0" tests="1" name="practice.datadriventesting.ReadDataFromPropertyFile" time="0.013" errors="0" timestamp="2021-04-23T13:58:34 IST" skipped="0">
  <testcase classname="practice.datadriventesting.ReadDataFromPropertyFile" name="readDataTest" time="0.013"/>
  <system-out/>
</testsuite> <!-- practice.datadriventesting.ReadDataFromPropertyFile -->
