<?xml version="1.0" encoding="UTF-8"?>
<!-- Generated by org.testng.reporters.JUnitReportReporter -->
<testsuite hostname="STEALTH" failures="0" tests="1" name="com.crm.vtigerTests.Leads.TL_29_ConvertLeadToOrganization" time="62.218" errors="0" timestamp="2021-05-08T21:10:46 IST" skipped="0">
  <testcase classname="com.crm.vtigerTests.Leads.TL_29_ConvertLeadToOrganization" name="convertLead" time="62.218"/>
  <system-out/>
</testsuite> <!-- com.crm.vtigerTests.Leads.TL_29_ConvertLeadToOrganization -->
