<?xml version="1.0" encoding="UTF-8"?>
<!-- Generated by org.testng.reporters.JUnitReportReporter -->
<testsuite hostname="STEALTH" failures="0" tests="1" name="com.crm.SDET_13.DataBaseUtils" time="0.606" errors="0" timestamp="2021-04-26T15:22:06 IST" skipped="0">
  <testcase classname="com.crm.SDET_13.DataBaseUtils" name="getExecuteUpdate" time="0.606"/>
  <system-out/>
</testsuite> <!-- com.crm.SDET_13.DataBaseUtils -->
