<?xml version="1.0" encoding="UTF-8"?>
<!-- Generated by org.testng.reporters.JUnitReportReporter -->
<testsuite hostname="STEALTH" failures="0" tests="1" name="com.crm.vtiger.genericUtils.JAvaUtility" time="0.014" errors="0" timestamp="2021-04-28T14:48:08 IST" skipped="0">
  <testcase classname="com.crm.vtiger.genericUtils.JAvaUtility" name="getRandomData" time="0.014"/>
  <system-out/>
</testsuite> <!-- com.crm.vtiger.genericUtils.JAvaUtility -->
