<?xml version="1.0" encoding="UTF-8"?>
<!-- Generated by org.testng.reporters.JUnitReportReporter -->
<testsuite hostname="STEALTH" failures="0" tests="2" name="com.crm.vtiger.genericUtils.BaseClass" time="0.022" errors="0" timestamp="2021-05-01T12:26:54 IST" skipped="0">
  <testcase classname="com.crm.vtiger.genericUtils.BaseClass" name="createUser" time="0.014"/>
  <system-out/>
  <testcase classname="com.crm.vtiger.genericUtils.BaseClass" name="modifyUser" time="0.008"/>
  <system-out/>
</testsuite> <!-- com.crm.vtiger.genericUtils.BaseClass -->
