<?xml version="1.0" encoding="UTF-8"?>
<!-- Generated by org.testng.reporters.JUnitReportReporter -->
<testsuite hostname="STEALTH" failures="0" tests="1" name="com.crm.vtigerTests.CreateOrganizationTest" time="28.610" errors="0" timestamp="2021-04-28T12:38:21 IST" skipped="0">
  <testcase classname="com.crm.vtigerTests.CreateOrganizationTest" name="createOrganisation" time="28.610"/>
  <system-out/>
</testsuite> <!-- com.crm.vtigerTests.CreateOrganizationTest -->
