<?xml version="1.0" encoding="UTF-8"?>
<!-- Generated by org.testng.reporters.JUnitReportReporter -->
<testsuite hostname="STEALTH" failures="0" tests="1" name="com.crm.SDET_13.DataBaseUtils2" time="0.479" errors="0" timestamp="2021-04-26T16:06:28 IST" skipped="0">
  <testcase classname="com.crm.SDET_13.DataBaseUtils2" name="getExecuteQuery" time="0.479"/>
  <system-out/>
</testsuite> <!-- com.crm.SDET_13.DataBaseUtils2 -->
