<?xml version="1.0" encoding="UTF-8"?>
<!-- Generated by org.testng.reporters.JUnitReportReporter -->
<testsuite hostname="STEALTH" failures="0" tests="1" name="dynamicwebtale.Capture" time="18.107" errors="0" timestamp="2021-04-27T12:51:56 IST" skipped="0">
  <testcase classname="dynamicwebtale.Capture" name="captureOrgName" time="18.107"/>
  <system-out/>
</testsuite> <!-- dynamicwebtale.Capture -->
